0.000 [ Info   ][Logger] No ORO_LOGLEVEL environment variable set.
0.000 [ Info   ][Logger]  OROCOS version '2.7.0' compiled with GCC 4.8.2. Running in GNU/Linux.
0.000 [ Info   ][Logger] Orocos Logging Activated at level : [ Warning] ( 4 ) 
0.000 [ Info   ][Logger] Reference System Time is : 1418895793827631931 ticks ( 1.4189e+09 seconds ).
0.000 [ Info   ][Logger] Logging is relative to this time.
0.000 [ Info   ][Logger] RTT_COMPONENT_PATH was set to: /home/sukha/ws/underlay/devel/lib/orocos:/home/sukha/ws/underlay_isolated/install_isolated/lib/orocos:/home/sukha/orocos_ws/install_isolated/lib/orocos:/opt/ros/indigo/lib/orocos . Searching in: /home/sukha/ws/underlay/devel/lib/orocos:/home/sukha/ws/underlay_isolated/install_isolated/lib/orocos:/home/sukha/orocos_ws/install_isolated/lib/orocos:/opt/ros/indigo/lib/orocos
0.000 [ Info   ][Logger] plugin 'rtt' not loaded before.
0.000 [ Info   ][Logger] Loading plugin libraries from directory /home/sukha/ws/underlay_isolated/install_isolated/lib/orocos/gnulinux/./plugins ...
0.000 [ Info   ][Logger] Loaded RTT Service 'scripting' from 'rtt-scripting'
0.000 [ Info   ][Logger] Loaded RTT Service 'marshalling' from 'rtt-marshalling'
0.001 [ Info   ][Logger] typekit 'rtt' not loaded before.
0.001 [ Info   ][Logger] Loading typekit libraries from directory /home/sukha/ws/underlay_isolated/install_isolated/lib/orocos/gnulinux/./types ...
0.015 [ Info   ][TypekitRepository::Import] Loading Typekit rtt-types.
0.016 [ Info   ][Logger] Loaded RTT TypeKit/Transport 'rtt-types' from 'rtt-typekit'
0.017 [ Info   ][TypekitRepository::Import] Loading Transport mqueue://rtt-types.
0.017 [ Info   ][TypekitRepository::Import] Registered new 'mqueue' transport for array
0.017 [ Info   ][TypekitRepository::Import] Registered new 'mqueue' transport for bool
0.017 [ Info   ][TypekitRepository::Import] Registered new 'mqueue' transport for char
0.017 [ Info   ][TypekitRepository::Import] Registered new 'mqueue' transport for double
0.017 [ Info   ][TypekitRepository::Import] Registered new 'mqueue' transport for float
0.017 [ Info   ][TypekitRepository::Import] Registered new 'mqueue' transport for int
0.017 [ Info   ][TypekitRepository::Import] Registered new 'mqueue' transport for uint
0.017 [ Info   ][Logger] Loaded RTT TypeKit/Transport 'rtt-mqueue-transport' from 'rtt-transport-mqueue'
0.017 [ Info   ][Logger] RTT_COMPONENT_PATH was set to: /home/sukha/ws/underlay/devel/lib/orocos:/home/sukha/ws/underlay_isolated/install_isolated/lib/orocos:/home/sukha/orocos_ws/install_isolated/lib/orocos:/opt/ros/indigo/lib/orocos . Searching in: /home/sukha/ws/underlay/devel/lib/orocos:/home/sukha/ws/underlay_isolated/install_isolated/lib/orocos:/home/sukha/orocos_ws/install_isolated/lib/orocos:/opt/ros/indigo/lib/orocos
0.017 [ Info   ][Thread] Creating Thread for scheduler=ORO_SCHED_OTHER, priority=1, CPU affinity=0, with name='Deployer'
0.017 [ Info   ][Deployer] Thread created with scheduler type 'ORO_SCHED_OTHER', priority 0, cpu affinity 1 and period 0 (PID= 5812 ).
0.017 [ Info   ][Thread] Creating Thread for scheduler=ORO_SCHED_OTHER, priority=1, CPU affinity=0, with name='GlobalEngine'
0.017 [ Info   ][GlobalEngine] Thread created with scheduler type 'ORO_SCHED_OTHER', priority 0, cpu affinity 1 and period 0 (PID= 5813 ).
0.018 [ Info   ][Logger] No site file was found. Importing 'ocl' by default.
0.018 [ Info   ][ComponentLoader::import(path_list)] Importing directory /home/sukha/ws/underlay_isolated/install_isolated/lib/orocos/gnulinux/ocl ...
0.018 [ Info   ][ComponentLoader::import(path_list)] Loaded component type 'OCL::LuaComponent'
0.019 [ Info   ][ComponentLoader::import(path_list)] Loaded multi component library '/home/sukha/ws/underlay_isolated/install_isolated/lib/orocos/gnulinux/ocl/liborocos-ocl-common-gnulinux.so'
0.032 [ Info   ][ComponentLoader::import(path_list)] Loaded multi component library '/home/sukha/ws/underlay_isolated/install_isolated/lib/orocos/gnulinux/ocl/liborocos-ocl-reporting-netcdf-gnulinux.so'
0.032 [ Info   ][ComponentLoader::import(path_list)] Loaded component type 'OCL::NetcdfReporting'
0.034 [ Info   ][ComponentLoader::import(path_list)] Loaded multi component library '/home/sukha/ws/underlay_isolated/install_isolated/lib/orocos/gnulinux/ocl/liborocos-ocl-timer-gnulinux.so'
0.035 [ Info   ][ComponentLoader::import(path_list)] Loaded component type 'OCL::HelloWorld'
0.037 [ Info   ][ComponentLoader::import(path_list)] Loaded multi component library '/home/sukha/ws/underlay_isolated/install_isolated/lib/orocos/gnulinux/ocl/liborocos-ocl-logging-gnulinux.so'
0.038 [ Info   ][ComponentLoader::import(path_list)] Loaded component type 'OCL::LuaTLSFComponent'
0.042 [ Info   ][ComponentLoader::import(path_list)] Loaded component type 'OCL::logging::Log4cxxAppender'
0.042 [ Info   ][ComponentLoader::import(path_list)] Loaded multi component library '/home/sukha/ws/underlay_isolated/install_isolated/lib/orocos/gnulinux/ocl/liborocos-ocl-reporting-gnulinux.so'
0.042 [ Info   ][ComponentLoader::import(path_list)] Loading typekit libraries from directory /home/sukha/ws/underlay_isolated/install_isolated/lib/orocos/gnulinux/ocl/types ...
0.044 [ Info   ][TypekitRepository::Import] Loading Typekit OCLTypekit.
0.044 [ Info   ][ComponentLoader::import(path_list)] Loaded RTT TypeKit/Transport 'OCLTypekit' from 'ocl'
0.044 [ Info   ][ComponentLoader::import(path_list)] Loading plugin libraries from directory /home/sukha/ws/underlay_isolated/install_isolated/lib/orocos/gnulinux/ocl/plugins ...
0.045 [ Info   ][ComponentLoader::import(path_list)] Loaded RTT Service 'os' from 'os'
0.046 [ Info   ][ComponentLoader::import(path_list)] Loaded RTT Service 'Lua' from 'rttlua-plugin'
0.046 [ Info   ][ComponentLoader::import(path_list)] Loaded RTT Service 'LuaTLSF' from 'rttlua-tlsf-plugin'
0.046 [ Info   ][ComponentLoader::import(path_list)] Loaded RTT Service 'print' from 'print'
0.047 [ Info   ][Logger] Loading Service or Plugin scripting in TaskContext Deployer
0.047 [ Info   ][Logger] Found complete interface of requested service 'scripting'
0.047 [ Info   ][Logger] Running Script hello_world.ops ...
0.048 [ Info   ][ComponentLoader::import(path_list)] Importing directory /home/sukha/ws/underlay/devel/lib/orocos/gnulinux/rtt_std_msgs ...
0.048 [ Info   ][ComponentLoader::import(path_list)] Loading typekit libraries from directory /home/sukha/ws/underlay/devel/lib/orocos/gnulinux/rtt_std_msgs/types ...
0.099 [ Info   ][TypekitRepository::Import] Loading Typekit ros-std_msgs.
0.100 [ Info   ][ComponentLoader::import(path_list)] Loaded RTT TypeKit/Transport 'ros-std_msgs' from 'rtt-std_msgs-typekit'
0.116 [ Info   ][TypekitRepository::Import] Loading Transport ros://ros-std_msgs.
0.116 [ Info   ][TypekitRepository::Import] Registered new 'ros' transport for /std_msgs/Bool
0.116 [ Info   ][TypekitRepository::Import] Registered new 'ros' transport for /std_msgs/Byte
0.116 [ Info   ][TypekitRepository::Import] Registered new 'ros' transport for /std_msgs/ByteMultiArray
0.116 [ Info   ][TypekitRepository::Import] Registered new 'ros' transport for /std_msgs/Char
0.116 [ Info   ][TypekitRepository::Import] Registered new 'ros' transport for /std_msgs/ColorRGBA
0.116 [ Info   ][TypekitRepository::Import] Registered new 'ros' transport for /std_msgs/Duration
0.116 [ Info   ][TypekitRepository::Import] Registered new 'ros' transport for /std_msgs/Empty
0.116 [ Info   ][TypekitRepository::Import] Registered new 'ros' transport for /std_msgs/Float32
0.116 [ Info   ][TypekitRepository::Import] Registered new 'ros' transport for /std_msgs/Float32MultiArray
0.116 [ Info   ][TypekitRepository::Import] Registered new 'ros' transport for /std_msgs/Float64
0.116 [ Info   ][TypekitRepository::Import] Registered new 'ros' transport for /std_msgs/Float64MultiArray
0.116 [ Info   ][TypekitRepository::Import] Registered new 'ros' transport for /std_msgs/Header
0.116 [ Info   ][TypekitRepository::Import] Registered new 'ros' transport for /std_msgs/Int16
0.116 [ Info   ][TypekitRepository::Import] Registered new 'ros' transport for /std_msgs/Int16MultiArray
0.116 [ Info   ][TypekitRepository::Import] Registered new 'ros' transport for /std_msgs/Int32
0.116 [ Info   ][TypekitRepository::Import] Registered new 'ros' transport for /std_msgs/Int32MultiArray
0.116 [ Info   ][TypekitRepository::Import] Registered new 'ros' transport for /std_msgs/Int64
0.116 [ Info   ][TypekitRepository::Import] Registered new 'ros' transport for /std_msgs/Int64MultiArray
0.116 [ Info   ][TypekitRepository::Import] Registered new 'ros' transport for /std_msgs/Int8
0.116 [ Info   ][TypekitRepository::Import] Registered new 'ros' transport for /std_msgs/Int8MultiArray
0.116 [ Info   ][TypekitRepository::Import] Registered new 'ros' transport for /std_msgs/MultiArrayDimension
0.116 [ Info   ][TypekitRepository::Import] Registered new 'ros' transport for /std_msgs/MultiArrayLayout
0.116 [ Info   ][TypekitRepository::Import] Registered new 'ros' transport for /std_msgs/String
0.116 [ Info   ][TypekitRepository::Import] Registered new 'ros' transport for /std_msgs/Time
0.116 [ Info   ][TypekitRepository::Import] Registered new 'ros' transport for /std_msgs/UInt16
0.116 [ Info   ][TypekitRepository::Import] Registered new 'ros' transport for /std_msgs/UInt16MultiArray
0.116 [ Info   ][TypekitRepository::Import] Registered new 'ros' transport for /std_msgs/UInt32
0.116 [ Info   ][TypekitRepository::Import] Registered new 'ros' transport for /std_msgs/UInt32MultiArray
0.116 [ Info   ][TypekitRepository::Import] Registered new 'ros' transport for /std_msgs/UInt64
0.116 [ Info   ][TypekitRepository::Import] Registered new 'ros' transport for /std_msgs/UInt64MultiArray
0.116 [ Info   ][TypekitRepository::Import] Registered new 'ros' transport for /std_msgs/UInt8
0.116 [ Info   ][TypekitRepository::Import] Registered new 'ros' transport for /std_msgs/UInt8MultiArray
0.116 [ Info   ][ComponentLoader::import(path_list)] Loaded RTT TypeKit/Transport 'rtt-ros-std_msgs-transport' from 'rtt-std_msgs-ros-transport'
0.117 [ Info   ][ComponentLoader::import(path_list)] Importing directory /home/sukha/ws/underlay/devel/lib/orocos/gnulinux/rtt_rosnode ...
0.130 [ Info   ][ComponentLoader::import(path_list)] Loading plugin libraries from directory /home/sukha/ws/underlay/devel/lib/orocos/gnulinux/rtt_rosnode/plugins ...
0.130 [ Info   ][ComponentLoader::import(path_list)] Initializing ROS node in Orocos plugin...
0.150 [ Info   ][ComponentLoader::import(path_list)] ROS node spinner started (1 thread).
0.150 [ Info   ][ComponentLoader::import(path_list)] Loaded RTT Plugin 'rosnode' from 'rtt_rosnode'
0.150 [ Info   ][ComponentLoader::import(path_list)] Importing directory /home/sukha/ws/underlay/devel/lib/orocos/gnulinux/hello_world ...
0.156 [ Info   ][ComponentLoader::import(path_list)] Loaded component type 'hello_world'
0.156 [ Info   ][ComponentLoader::import(path_list)] Loading plugin libraries from directory /home/sukha/ws/underlay/devel/lib/orocos/gnulinux/hello_world/plugins ...
0.156 [ Info   ][ComponentLoader::import(path_list)] Loaded RTT Plugin 'hello_world-example-plugin' from 'hello_world-plugin'
0.157 [ Info   ][ComponentLoader::import(path_list)] Loaded RTT Service 'myservice' from 'hello_world-service'
0.159 [ Info   ][Thread] Creating Thread for scheduler=ORO_SCHED_OTHER, priority=1, CPU affinity=0, with name='hello_world_task'
0.159 [ Info   ][hello_world_task] Thread created with scheduler type 'ORO_SCHED_OTHER', priority 0, cpu affinity 1 and period 0 (PID= 5826 ).
0.159 [ Info   ][Thread] Creating Thread for scheduler=ORO_SCHED_RT, priority=0, CPU affinity=0, with name='Activity'
0.159 [ Warning][Thread] Lowering scheduler type to SCHED_OTHER for non-privileged users..
0.159 [ Warning][Activity] Lowering scheduler type to SCHED_OTHER for non-privileged users..
0.159 [ Info   ][Activity] Thread created with scheduler type 'ORO_SCHED_OTHER', priority 0, cpu affinity 1 and period 0.001 (PID= 5827 ).
0.160 [ Info   ][Thread] Creating Thread for scheduler=ORO_SCHED_OTHER, priority=1, CPU affinity=0, with name='RosPublishActivity'
0.160 [ Info   ][RosPublishActivity] Thread created with scheduler type 'ORO_SCHED_OTHER', priority 0, cpu affinity 1 and period 0 (PID= 5829 ).
0.165 [ Info   ][loadComponent] Created output stream for output port out_port
0.166 [ Info   ][loadComponent] Adding hello_world_task as new peer:  OK.
0.174 [ Info   ][Thread] Creating Thread for scheduler=ORO_SCHED_OTHER, priority=1, CPU affinity=0, with name='TaskBrowser'
0.174 [ Info   ][TaskBrowser] Thread created with scheduler type 'ORO_SCHED_OTHER', priority 0, cpu affinity 1 and period 0 (PID= 5830 ).
0.181 [ Info   ][Logger] Entering Task Deployer
39.757 [ Info   ][Logger] Ignoring deployment shutdown function due to missing peer.
39.758 [ Info   ][stopComponentsGroup] Stopping group 0
39.758 [ Info   ][stopComponentsGroup] Stopped hello_world_task
39.758 [ Info   ][cleanupComponentsGroup] Cleaning up group 0
39.758 [ Info   ][cleanupComponentsGroup] Cleaned up hello_world_task
39.758 [ Info   ][Logger] Unloading group 0
39.758 [ Info   ][RosPublishActivity] RosPublishActivity cleans up: no more work.
39.759 [ Info   ][Logger] Disconnected and destroyed hello_world_task
39.759 [ Info   ][Logger] Kick-out of group 0 successful.
39.760 [ Info   ][Logger] Orocos Logging Deactivated.
